<?xml version="1.0" encoding="UTF-8"?>
<!-- Generated by org.testng.reporters.JUnitReportReporter -->
<testsuite hostname="DESKTOP-8M1TJT8" failures="0" tests="1" name="tests.LoginTest" time="6.823" errors="0" timestamp="2025-05-26T18:11:12 IST" skipped="0">
  <testcase classname="tests.LoginTest" name="testValidLogin" time="6.823"/>
</testsuite> <!-- tests.LoginTest -->
